=== Validating 14 New Symbols (Spot + Futures) ===
Timestamp: Wed 19 Nov 2025 14:42:09 PST

Testing BNBUSDT...
  ❌ Spot data MISSING
  ❌ Futures data MISSING

Testing XRPUSDT...
  ❌ Spot data MISSING
  ❌ Futures data MISSING

Testing DOGEUSDT...
  ❌ Spot data MISSING
  ❌ Futures data MISSING

Testing AVAXUSDT...
  ❌ Spot data MISSING
  ❌ Futures data MISSING

Testing MATICUSDT...
  ❌ Spot data MISSING
  ❌ Futures data MISSING

Testing LTCUSDT...
  ❌ Spot data MISSING
  ❌ Futures data MISSING

Testing UNIUSDT...
  ❌ Spot data MISSING
  ❌ Futures data MISSING

Testing ATOMUSDT...
  ❌ Spot data MISSING
  ❌ Futures data MISSING

Testing FTMUSDT...
  ❌ Spot data MISSING
  ❌ Futures data MISSING

Testing NEARUSDT...
  ❌ Spot data MISSING
  ❌ Futures data MISSING

Testing ALGOUSDT...
  ❌ Spot data MISSING
  ❌ Futures data MISSING

Testing SANDUSDT...
  ❌ Spot data MISSING
  ❌ Futures data MISSING

Testing MANAUSDT...
  ❌ Spot data MISSING
  ❌ Futures data MISSING

Testing APEUSDT...
  ❌ Spot data MISSING
  ❌ Futures data MISSING

=== Summary ===
Spot:    0 passed, 14 failed
Futures: 0 passed, 14 failed

❌ VALIDATION FAILED - Some symbols missing data
